[handleMsg]:  {
  key: {
    remoteJid: '593998340827@s.whatsapp.net',
    fromMe: false,
    id: '514285E1945AB9AA4D',
    participant: undefined
  },
  messageTimestamp: 1694899986,
  pushName: 'Roberto Moncayo',
  broadcast: false,
  message: Message {
    extendedTextMessage: ExtendedTextMessage { text: 'Hola', contextInfo: [ContextInfo] },
    messageContextInfo: MessageContextInfo {
      deviceListMetadata: [DeviceListMetadata],
      deviceListMetadataVersion: 2
    }
  },
  body: 'Hola',
  from: '593998340827'
}
[QUEUE_SE_ENVIO]:  {
  ref: 'ans_8bebcb4e-c83b-4a43-a416-66b30ac83b36',
  keyword: 'key_fa8676a2-a2b6-496b-8c2c-1d73da3d2d79',
  answer: 'Hola Bienvenido a mi testeo de ChatBOT, enviame algo o dime *Shaggy*',
  options: {
    media: null,
    buttons: [],
    capture: false,
    child: null,
    delay: 0,
    nested: [
      [Object], [Object],
      [Object], [Object],
      [Object], [Object],
      [Object], [Object],
      [Object], [Object],
      [Object], [Object],
      [Object], [Object],
      [Object]
    ],
    keyword: {},
    callback: false
  },
  refSerialize: '2331600e3b71033f8003705fea784b9e'
}
[handleMsg]:  {
  key: {
    remoteJid: '593998340827@s.whatsapp.net',
    fromMe: false,
    id: 'AE18086AB468058879',
    participant: undefined
  },
  messageTimestamp: 1694899988,
  pushName: 'Roberto Moncayo',
  broadcast: false,
  message: Message {
    extendedTextMessage: ExtendedTextMessage { text: 'shaagy', contextInfo: [ContextInfo] },
    messageContextInfo: MessageContextInfo {
      deviceListMetadata: [DeviceListMetadata],
      deviceListMetadataVersion: 2
    }
  },
  body: 'shaagy',
  from: '593998340827'
}
[handleMsg]:  {
  key: {
    remoteJid: '593998340827@s.whatsapp.net',
    fromMe: false,
    id: 'FAC882CE64CE941DC7',
    participant: undefined
  },
  messageTimestamp: 1694899994,
  pushName: 'Roberto Moncayo',
  broadcast: false,
  message: Message {
    extendedTextMessage: ExtendedTextMessage { text: 'shaggy', contextInfo: [ContextInfo] },
    messageContextInfo: MessageContextInfo {
      deviceListMetadata: [DeviceListMetadata],
      deviceListMetadataVersion: 2
    }
  },
  body: 'shaggy',
  from: '593998340827'
}
[QUEUE_SE_ENVIO]:  {
  ref: 'ans_8bebcb4e-c83b-4a43-a416-66b30ac83b36',
  keyword: 'key_fa8676a2-a2b6-496b-8c2c-1d73da3d2d79',
  answer: 'Hola Bienvenido a mi testeo de ChatBOT, enviame algo o dime *Shaggy*',
  options: {
    media: null,
    buttons: [],
    capture: false,
    child: null,
    delay: 0,
    nested: [
      [Object], [Object],
      [Object], [Object],
      [Object], [Object],
      [Object], [Object],
      [Object], [Object],
      [Object], [Object],
      [Object], [Object],
      [Object]
    ],
    keyword: {},
    callback: false
  },
  refSerialize: '2331600e3b71033f8003705fea784b9e'
}
[handleMsg]:  {
  key: {
    remoteJid: '593998340827@s.whatsapp.net',
    fromMe: false,
    id: '7C60980374D209A519',
    participant: undefined
  },
  messageTimestamp: 1694899996,
  pushName: 'Roberto Moncayo',
  broadcast: false,
  message: Message {
    extendedTextMessage: ExtendedTextMessage { text: 'shaggy', contextInfo: [ContextInfo] },
    messageContextInfo: MessageContextInfo {
      deviceListMetadata: [DeviceListMetadata],
      deviceListMetadataVersion: 2
    }
  },
  body: 'shaggy',
  from: '593998340827'
}
[handleMsg]:  {
  key: {
    remoteJid: '593998340827@s.whatsapp.net',
    fromMe: false,
    id: 'FF9515DA4D44E34AA4',
    participant: undefined
  },
  messageTimestamp: 1694900006,
  pushName: 'Roberto Moncayo',
  broadcast: false,
  message: Message {
    extendedTextMessage: ExtendedTextMessage {
      text: '4111 1111 1111 1111',
      contextInfo: [ContextInfo]
    },
    messageContextInfo: MessageContextInfo {
      deviceListMetadata: [DeviceListMetadata],
      deviceListMetadataVersion: 2
    }
  },
  body: '4111 1111 1111 1111',
  from: '593998340827'
}
[QUEUE_SE_ENVIO]:  {
  ref: 'ans_8bebcb4e-c83b-4a43-a416-66b30ac83b36',
  keyword: 'key_fa8676a2-a2b6-496b-8c2c-1d73da3d2d79',
  answer: 'Hola Bienvenido a mi testeo de ChatBOT, enviame algo o dime *Shaggy*',
  options: {
    media: null,
    buttons: [],
    capture: false,
    child: null,
    delay: 0,
    nested: [
      [Object], [Object],
      [Object], [Object],
      [Object], [Object],
      [Object], [Object],
      [Object], [Object],
      [Object], [Object],
      [Object], [Object],
      [Object]
    ],
    keyword: {},
    callback: false
  },
  refSerialize: '2331600e3b71033f8003705fea784b9e'
}
[handleMsg]:  {
  key: {
    remoteJid: '593998340827@s.whatsapp.net',
    fromMe: false,
    id: '0C51DC3F9157C2C181',
    participant: undefined
  },
  messageTimestamp: 1694900010,
  pushName: 'Roberto Moncayo',
  broadcast: false,
  message: Message {
    extendedTextMessage: ExtendedTextMessage {
      text: '4111 1111 1111 1111',
      contextInfo: [ContextInfo]
    },
    messageContextInfo: MessageContextInfo {
      deviceListMetadata: [DeviceListMetadata],
      deviceListMetadataVersion: 2
    }
  },
  body: '4111 1111 1111 1111',
  from: '593998340827'
}
[QUEUE_SE_ENVIO]:  {
  ref: 'ans_fa9022a5-b9d4-4c59-828e-a49b5c3c0f56',
  keyword: 'key_2b09e784-d248-475b-8867-9aeaef72d633',
  answer: 'Zoinks',
  options: {
    media: 'https://media.tenor.com/oY2wYWw2y6MAAAAC/shaggy-scared.gif',
    buttons: [],
    capture: false,
    child: null,
    delay: 0,
    nested: [],
    keyword: {},
    callback: false
  },
  refSerialize: '793815474a5e26bb5fcea41869efd615'
}
[handleMsg]:  {
  key: {
    remoteJid: '593998340827@s.whatsapp.net',
    fromMe: false,
    id: 'C0D608A9F42AF09C03',
    participant: undefined
  },
  messageTimestamp: 1694900017,
  pushName: 'Roberto Moncayo',
  broadcast: false,
  message: Message {
    extendedTextMessage: ExtendedTextMessage { text: 'hola', contextInfo: [ContextInfo] },
    messageContextInfo: MessageContextInfo {
      deviceListMetadata: [DeviceListMetadata],
      deviceListMetadataVersion: 2
    }
  },
  body: 'hola',
  from: '593998340827'
}
[QUEUE_SE_ENVIO]:  {
  ref: 'ans_229eb8b4-3687-4c2e-8f3a-88059ed98bc5',
  keyword: 'ans_fa9022a5-b9d4-4c59-828e-a49b5c3c0f56',
  answer: 'Whats new scoobydoo',
  options: {
    media: 'https://s27.aconvert.com/convert/p3r68-cdx67/gitba-xeei8.mp3',
    buttons: [],
    capture: false,
    child: null,
    delay: 0,
    nested: [],
    keyword: {},
    callback: false
  },
  refSerialize: '2ffc1a9f79ea2362841647b7863a2e02'
}
[QUEUE_SE_ENVIO]:  {
  ref: 'ans_8bebcb4e-c83b-4a43-a416-66b30ac83b36',
  keyword: 'key_fa8676a2-a2b6-496b-8c2c-1d73da3d2d79',
  answer: 'Hola Bienvenido a mi testeo de ChatBOT, enviame algo o dime *Shaggy*',
  options: {
    media: null,
    buttons: [],
    capture: false,
    child: null,
    delay: 0,
    nested: [
      [Object], [Object],
      [Object], [Object],
      [Object], [Object],
      [Object], [Object],
      [Object], [Object],
      [Object], [Object],
      [Object], [Object],
      [Object]
    ],
    keyword: {},
    callback: false
  },
  refSerialize: '2331600e3b71033f8003705fea784b9e'
}
[handleMsg]:  {
  key: {
    remoteJid: '593998340827@s.whatsapp.net',
    fromMe: false,
    id: '511F9359834775A35D',
    participant: undefined
  },
  messageTimestamp: 1694900025,
  pushName: 'Roberto Moncayo',
  broadcast: false,
  message: Message {
    extendedTextMessage: ExtendedTextMessage { text: 'hola', contextInfo: [ContextInfo] },
    messageContextInfo: MessageContextInfo {
      deviceListMetadata: [DeviceListMetadata],
      deviceListMetadataVersion: 2
    }
  },
  body: 'hola',
  from: '593998340827'
}
[handleMsg]:  {
  key: {
    remoteJid: '593998340827@s.whatsapp.net',
    fromMe: false,
    id: 'FDF21A8D39DCB03BDE',
    participant: undefined
  },
  messageTimestamp: 1694900028,
  pushName: 'Roberto Moncayo',
  broadcast: false,
  message: Message {
    extendedTextMessage: ExtendedTextMessage {
      text: '4111 1111 1111 1111',
      contextInfo: [ContextInfo]
    },
    messageContextInfo: MessageContextInfo {
      deviceListMetadata: [DeviceListMetadata],
      deviceListMetadataVersion: 2
    }
  },
  body: '4111 1111 1111 1111',
  from: '593998340827'
}
[QUEUE_SE_ENVIO]:  {
  ref: 'ans_fa9022a5-b9d4-4c59-828e-a49b5c3c0f56',
  keyword: 'key_2b09e784-d248-475b-8867-9aeaef72d633',
  answer: 'Zoinks',
  options: {
    media: 'https://media.tenor.com/oY2wYWw2y6MAAAAC/shaggy-scared.gif',
    buttons: [],
    capture: false,
    child: null,
    delay: 0,
    nested: [],
    keyword: {},
    callback: false
  },
  refSerialize: '793815474a5e26bb5fcea41869efd615'
}
[QUEUE_SE_ENVIO]:  {
  ref: 'ans_8bebcb4e-c83b-4a43-a416-66b30ac83b36',
  keyword: 'key_fa8676a2-a2b6-496b-8c2c-1d73da3d2d79',
  answer: 'Hola Bienvenido a mi testeo de ChatBOT, enviame algo o dime *Shaggy*',
  options: {
    media: null,
    buttons: [],
    capture: false,
    child: null,
    delay: 0,
    nested: [
      [Object], [Object],
      [Object], [Object],
      [Object], [Object],
      [Object], [Object],
      [Object], [Object],
      [Object], [Object],
      [Object], [Object],
      [Object]
    ],
    keyword: {},
    callback: false
  },
  refSerialize: '2331600e3b71033f8003705fea784b9e'
}
[QUEUE_SE_ENVIO]:  {
  ref: 'ans_229eb8b4-3687-4c2e-8f3a-88059ed98bc5',
  keyword: 'ans_fa9022a5-b9d4-4c59-828e-a49b5c3c0f56',
  answer: 'Whats new scoobydoo',
  options: {
    media: 'https://s27.aconvert.com/convert/p3r68-cdx67/gitba-xeei8.mp3',
    buttons: [],
    capture: false,
    child: null,
    delay: 0,
    nested: [],
    keyword: {},
    callback: false
  },
  refSerialize: '2ffc1a9f79ea2362841647b7863a2e02'
}
[handleMsg]:  {
  key: {
    remoteJid: '593998340827@s.whatsapp.net',
    fromMe: false,
    id: '744C8A9711C8EC34F4',
    participant: undefined
  },
  messageTimestamp: 1694900110,
  pushName: 'Roberto Moncayo',
  broadcast: false,
  message: Message {
    extendedTextMessage: ExtendedTextMessage { text: 'hola', contextInfo: [ContextInfo] },
    messageContextInfo: MessageContextInfo {
      deviceListMetadata: [DeviceListMetadata],
      deviceListMetadataVersion: 2
    }
  },
  body: 'hola',
  from: '593998340827'
}
[QUEUE_SE_ENVIO]:  {
  ref: 'ans_8bebcb4e-c83b-4a43-a416-66b30ac83b36',
  keyword: 'key_fa8676a2-a2b6-496b-8c2c-1d73da3d2d79',
  answer: 'Hola Bienvenido a mi testeo de ChatBOT, enviame algo o dime *Shaggy*',
  options: {
    media: null,
    buttons: [],
    capture: false,
    child: null,
    delay: 0,
    nested: [
      [Object], [Object],
      [Object], [Object],
      [Object], [Object],
      [Object], [Object],
      [Object], [Object],
      [Object], [Object],
      [Object], [Object],
      [Object]
    ],
    keyword: {},
    callback: false
  },
  refSerialize: '2331600e3b71033f8003705fea784b9e'
}
[handleMsg]:  {
  key: {
    remoteJid: '593998340827@s.whatsapp.net',
    fromMe: false,
    id: '22671654351299C6A9',
    participant: undefined
  },
  messageTimestamp: 1694900117,
  pushName: 'Roberto Moncayo',
  broadcast: false,
  message: Message {
    extendedTextMessage: ExtendedTextMessage {
      text: '4111 1111 1111 1111',
      contextInfo: [ContextInfo]
    },
    messageContextInfo: MessageContextInfo {
      deviceListMetadata: [DeviceListMetadata],
      deviceListMetadataVersion: 2
    }
  },
  body: '4111 1111 1111 1111',
  from: '593998340827'
}
[QUEUE_SE_ENVIO]:  {
  ref: 'ans_fa9022a5-b9d4-4c59-828e-a49b5c3c0f56',
  keyword: 'key_2b09e784-d248-475b-8867-9aeaef72d633',
  answer: 'Zoinks',
  options: {
    media: 'https://media.tenor.com/oY2wYWw2y6MAAAAC/shaggy-scared.gif',
    buttons: [],
    capture: false,
    child: null,
    delay: 0,
    nested: [],
    keyword: {},
    callback: false
  },
  refSerialize: '793815474a5e26bb5fcea41869efd615'
}
[QUEUE_SE_ENVIO]:  {
  ref: 'ans_229eb8b4-3687-4c2e-8f3a-88059ed98bc5',
  keyword: 'ans_fa9022a5-b9d4-4c59-828e-a49b5c3c0f56',
  answer: 'Whats new scoobydoo',
  options: {
    media: 'https://s27.aconvert.com/convert/p3r68-cdx67/gitba-xeei8.mp3',
    buttons: [],
    capture: false,
    child: null,
    delay: 0,
    nested: [],
    keyword: {},
    callback: false
  },
  refSerialize: '2ffc1a9f79ea2362841647b7863a2e02'
}
